[2022-09-24 13:39:55,154: INFO/MainProcess] Connected to redis://localhost:6379//
[2022-09-24 13:39:55,158: INFO/MainProcess] mingle: searching for neighbors
[2022-09-24 13:39:56,166: INFO/MainProcess] mingle: all alone
[2022-09-24 13:39:56,185: WARNING/MainProcess] /Users/Josh/Desktop/Personal-Projects/HackerNews/env/lib/python3.9/site-packages/celery/fixups/django.py:203: UserWarning: Using settings.DEBUG leads to a memory
            leak, never use this setting in production environments!
  warnings.warn('''Using settings.DEBUG leads to a memory

[2022-09-24 13:39:56,185: INFO/MainProcess] celery@Joshs-MacBook-Pro.local ready.
[2022-09-24 14:24:02,019: INFO/MainProcess] Task sync_db[ce82655c-ee63-47ec-a6fd-6abcac3f73f3] received
[2022-09-24 14:24:02,022: WARNING/ForkPoolWorker-8] Executing task
[2022-09-24 14:24:02,026: INFO/ForkPoolWorker-8] Task sync_db[ce82655c-ee63-47ec-a6fd-6abcac3f73f3] succeeded in 0.0056062090000068565s: None
[2022-09-24 14:26:26,942: INFO/MainProcess] Task sync_db[9eccd548-e360-47fe-8184-cd2d5be17654] received
[2022-09-24 14:26:26,943: WARNING/ForkPoolWorker-8] Executing task
[2022-09-24 14:26:26,945: INFO/ForkPoolWorker-8] Task sync_db[9eccd548-e360-47fe-8184-cd2d5be17654] succeeded in 0.001834667000139234s: None
[2022-09-24 14:31:26,913: INFO/MainProcess] Task sync_db[a13a39f7-7ef1-4381-9727-287e4b4b51a7] received
[2022-09-24 14:31:26,914: WARNING/ForkPoolWorker-8] Executing task
[2022-09-24 14:31:26,915: INFO/ForkPoolWorker-8] Task sync_db[a13a39f7-7ef1-4381-9727-287e4b4b51a7] succeeded in 0.0013104160000239062s: None
[2022-09-24 14:35:19,962: INFO/MainProcess] Task sync_db[2d7528b2-191f-4da8-baed-7addfc98bffa] received
[2022-09-24 14:35:19,969: WARNING/ForkPoolWorker-8] Executing task
[2022-09-24 14:35:19,971: INFO/ForkPoolWorker-8] Task sync_db[2d7528b2-191f-4da8-baed-7addfc98bffa] succeeded in 0.0032143749999704596s: None
[2022-09-24 14:36:26,915: INFO/MainProcess] Task sync_db[348e7311-6168-48d9-88cb-cf24e0414cab] received
[2022-09-24 14:36:26,915: WARNING/ForkPoolWorker-8] Executing task
[2022-09-24 14:36:26,916: INFO/ForkPoolWorker-8] Task sync_db[348e7311-6168-48d9-88cb-cf24e0414cab] succeeded in 0.0010280420001436141s: None
[2022-09-24 14:37:09,217: INFO/MainProcess] Task sync_db[f5220588-b47a-4d14-95ae-386936a62c85] received
[2022-09-24 14:37:09,219: WARNING/ForkPoolWorker-8] Executing task
[2022-09-24 14:37:09,220: INFO/ForkPoolWorker-8] Task sync_db[f5220588-b47a-4d14-95ae-386936a62c85] succeeded in 0.0014212500000212458s: None
[2022-09-24 14:41:26,913: INFO/MainProcess] Task sync_db[cd3e290a-0d0e-4585-8d06-3c2725d23b91] received
[2022-09-24 14:41:26,914: WARNING/ForkPoolWorker-8] Executing task
[2022-09-24 14:41:26,915: INFO/ForkPoolWorker-8] Task sync_db[cd3e290a-0d0e-4585-8d06-3c2725d23b91] succeeded in 0.0012962079999851994s: None
[2022-09-24 14:46:26,916: INFO/MainProcess] Task sync_db[117b9f3d-009c-4911-8ab0-4a7cb128a361] received
[2022-09-24 14:46:26,918: WARNING/ForkPoolWorker-8] Executing task
[2022-09-24 14:46:26,920: INFO/ForkPoolWorker-8] Task sync_db[117b9f3d-009c-4911-8ab0-4a7cb128a361] succeeded in 0.0025447909997637908s: None
[2022-09-24 14:51:26,913: INFO/MainProcess] Task sync_db[b07ab6a9-ddf4-4140-9281-7cfd2d9d7974] received
[2022-09-24 14:51:26,914: WARNING/ForkPoolWorker-8] Executing task
[2022-09-24 14:51:26,915: INFO/ForkPoolWorker-8] Task sync_db[b07ab6a9-ddf4-4140-9281-7cfd2d9d7974] succeeded in 0.0012602079996213433s: None
[2022-09-24 14:53:07,037: INFO/MainProcess] Task sync_db[aa50fc04-1e48-4461-8653-291ee29eed2d] received
[2022-09-24 14:53:07,038: WARNING/ForkPoolWorker-8] Executing task
[2022-09-24 14:53:07,039: INFO/ForkPoolWorker-8] Task sync_db[aa50fc04-1e48-4461-8653-291ee29eed2d] succeeded in 0.001298625000345055s: None
[2022-09-24 14:56:26,914: INFO/MainProcess] Task sync_db[7f7464f4-05cb-4785-9ba4-670e338d798f] received
[2022-09-24 14:56:26,915: WARNING/ForkPoolWorker-8] Executing task
[2022-09-24 14:56:26,916: INFO/ForkPoolWorker-8] Task sync_db[7f7464f4-05cb-4785-9ba4-670e338d798f] succeeded in 0.0012455000000954897s: None
[2022-09-24 15:09:24,349: INFO/MainProcess] Task sync_db[3f969b32-fb50-41f3-9967-a5a90e13b5b1] received
[2022-09-24 15:09:24,352: WARNING/ForkPoolWorker-8] Executing task
[2022-09-24 15:09:24,354: INFO/ForkPoolWorker-8] Task sync_db[3f969b32-fb50-41f3-9967-a5a90e13b5b1] succeeded in 0.002606291999654786s: None
[2022-09-24 15:14:24,347: INFO/MainProcess] Task sync_db[ad60ab36-b7f2-40a7-8608-a69b6e0c94d5] received
[2022-09-24 15:14:24,349: WARNING/ForkPoolWorker-8] Executing task
[2022-09-24 15:14:24,351: INFO/ForkPoolWorker-8] Task sync_db[ad60ab36-b7f2-40a7-8608-a69b6e0c94d5] succeeded in 0.0022288749996732804s: None
[2022-09-24 15:19:24,347: INFO/MainProcess] Task sync_db[0d8db15b-0a5c-4d05-aa5b-6726843f806c] received
[2022-09-24 15:19:24,349: WARNING/ForkPoolWorker-8] Executing task
[2022-09-24 15:19:24,351: INFO/ForkPoolWorker-8] Task sync_db[0d8db15b-0a5c-4d05-aa5b-6726843f806c] succeeded in 0.0020393329996295506s: None
[2022-09-24 15:22:44,238: INFO/MainProcess] Task sync_db[92fe6a90-4afd-4dd0-a2c2-ea26b7272b2d] received
[2022-09-24 15:22:44,240: WARNING/ForkPoolWorker-8] Executing task
[2022-09-24 15:22:44,241: INFO/ForkPoolWorker-8] Task sync_db[92fe6a90-4afd-4dd0-a2c2-ea26b7272b2d] succeeded in 0.0014015420001669554s: None
[2022-09-24 15:29:24,349: INFO/MainProcess] Task sync_db[74a75698-e270-42bd-9fa1-d044cad4578c] received
[2022-09-24 15:29:24,355: WARNING/ForkPoolWorker-8] Executing task
[2022-09-24 15:29:24,360: INFO/ForkPoolWorker-8] Task sync_db[74a75698-e270-42bd-9fa1-d044cad4578c] succeeded in 0.005774707999989914s: None
[2022-09-24 15:34:24,349: INFO/MainProcess] Task sync_db[c95b0256-5cc1-4f58-916e-d680ee7b6582] received
[2022-09-24 15:34:24,351: WARNING/ForkPoolWorker-8] Executing task
[2022-09-24 15:34:24,353: INFO/ForkPoolWorker-8] Task sync_db[c95b0256-5cc1-4f58-916e-d680ee7b6582] succeeded in 0.001864083999862487s: None
[2022-09-24 15:42:44,236: INFO/MainProcess] Task sync_db[1952d4e8-25db-4fc3-a695-bcaac80e3f19] received
[2022-09-24 15:42:44,238: WARNING/ForkPoolWorker-8] Executing task
[2022-09-24 15:42:44,240: INFO/ForkPoolWorker-8] Task sync_db[1952d4e8-25db-4fc3-a695-bcaac80e3f19] succeeded in 0.002394166000158293s: None
[2022-09-24 15:47:44,238: INFO/MainProcess] Task sync_db[1eea23f6-6cc5-4a28-abda-e035d76b5538] received
[2022-09-24 15:47:44,243: WARNING/ForkPoolWorker-8] Executing task
[2022-09-24 15:47:44,246: INFO/ForkPoolWorker-8] Task sync_db[1eea23f6-6cc5-4a28-abda-e035d76b5538] succeeded in 0.004619792000084999s: None
[2022-09-24 15:52:44,239: INFO/MainProcess] Task sync_db[0fb580f2-967b-44b9-9d6d-0920c3546c00] received
[2022-09-24 15:52:44,242: WARNING/ForkPoolWorker-8] Executing task
[2022-09-24 15:52:44,244: INFO/ForkPoolWorker-8] Task sync_db[0fb580f2-967b-44b9-9d6d-0920c3546c00] succeeded in 0.0024781249994703103s: None
